auto_progress.gif
activate.htms
background.png
background_header.png
backward.png
backward_fast.png
base64.js
cal.gif
ciyam_interface.css
ciyam_interface.htms
ciyam_interface.txt
datetimepicker.js
footer.htms
footer_row.gif
forward.png
forward_fast.png
header_row.gif
load_progress.gif
login.htms
login_box.gif
login_header.gif
login_persistent.htms
minilogin.htms
navbar.png
password.htms
password_persistent.htms
pdf_icon.gif
printlist.htms
printview.htms
sha2.js
show_less.gif
show_more.gif
sidebar.gif
sort_forward.png
sort_reverse.png
sort_select.png
wysiwyg.js