Model:Module
Model:Class#300610
Class:*;alias
Class:Class
Class:Relationship
Class:Specification
Class:Specification_Content_Page
Class:Specification_Copy_Child_Links
Class:View
Class:View_Field
Class:List
Class:List_Field
Field:*
Index:*
Relationship:*
Modifier:Modifier
Modifier:Specification
Modifier_Affect:*
Procedure:Procedure
Procedure:Specification
Procedure:Specification_Content_Page
Procedure:List_Field
Procedure_Arg:*
Specification:List_Field
Specification:View_Field
Type:Field
Enum:Field
Enum:Specification
Enum_Item:Specification
Permission:*
