auto_progress.gif
activate.htms
background_header.png
background_menubar.png
background_sidebar.png
backward.png
backward_fast.png
base64.js
cal.gif
ciyam_interface.css
ciyam_interface.htms
ciyam_interface.txt
footer.htms
footer_row.gif
forward.png
forward_fast.png
header_row.gif
join.txt
key.png
load_progress.gif
login.htms
login_box.gif
login_persistent.htms
menubar.png
minilogin.htms
navbar.png
open.png
openup.htms
password.htms
password_persistent.htms
pdf_icon.gif
pikaday.js
printlist.htms
printview.htms
sha1.js
sha2.js
show_less.gif
show_more.gif
signup.htms
sort_forward.png
sort_reverse.png
sort_select.png
